com.fasterxml.jackson.core:jackson-annotations 2.13.2 compile ok
com.fasterxml.jackson.core:jackson-core 2.13.2 compile ok
com.fasterxml.jackson.core:jackson-databind 2.13.2.2 compile ok
com.fasterxml.jackson.dataformat:jackson-dataformat-yaml 2.13.2 compile ok
commons-cli:commons-cli 1.5.0 compile ok
commons-io:commons-io 2.11.0 test ok
inside::org.springframework:spring-core:5.3.19::cglib:cglib 3.3.0 embedded TODO
inside::org.springframework:spring-core:5.3.19::org.objenesis:objenesis 3.2 embedded TODO
inside::org.springframework:spring-core:5.3.19::org.ow2.asm:asm 9.3 embedded TODO
junit:junit 4.13.2 test ok
net.bytebuddy:byte-buddy 1.12.8 test ok
net.bytebuddy:byte-buddy-agent 1.12.8 test ok
org.apache.logging.log4j:log4j-api 2.17.2 compile ok
org.apache.logging.log4j:log4j-core 2.17.2 provided ok
org.assertj:assertj-core 3.22.0 test ok
org.checkerframework:checker-qual 3.5.0 provided ok
org.evolvis.tartools:background-jobs 1.27-SNAPSHOT compile ok
org.evolvis.tartools:csvfile 3.2-SNAPSHOT compile ok
org.hamcrest:hamcrest-core 1.3 test ok
org.mockito:mockito-core 4.4.0 test ok
org.objenesis:objenesis 3.2 test ok
org.postgresql:postgresql 42.3.4 provided ok
org.springframework:spring-aop 5.3.19 compile TODO
org.springframework:spring-beans 5.3.19 compile TODO
org.springframework:spring-context 5.3.19 compile TODO
org.springframework:spring-core 5.3.19 compile TODO
org.springframework:spring-expression 5.3.19 compile TODO
org.springframework:spring-jcl 5.3.19 compile TODO
org.springframework:spring-jdbc 5.3.19 compile TODO
org.springframework:spring-tx 5.3.19 compile TODO
org.yaml:snakeyaml 1.30 compile ok
